# JRE version: Java(TM) SE Runtime Environment (14.0+36) (build 14+36-1461)
# Java VM: Java HotSpot(TM) 64-Bit Server VM (14+36-1461, mixed mode, sharing, tiered, compressed oops, g1 gc, windows-amd64)
Heap:
 garbage-first heap   total 209920K, used 120876K [0x0000000081a00000, 0x0000000100000000)
  region size 1024K, 32 young (32768K), 6 survivors (6144K)
 Metaspace       used 69180K, capacity 71721K, committed 71924K, reserved 1110016K
  class space    used 9526K, capacity 10550K, committed 10572K, reserved 1048576K
GC Heap History (20 events):
Event: 183.287 GC heap before
{Heap before GC invocations=83 (full 3):
 garbage-first heap   total 188416K, used 160342K [0x0000000081a00000, 0x0000000100000000)
  region size 1024K, 82 young (83968K), 6 survivors (6144K)
 Metaspace       used 68835K, capacity 71315K, committed 71412K, reserved 1110016K
  class space    used 9496K, capacity 10488K, committed 10572K, reserved 1048576K
}
Event: 183.302 GC heap after
{Heap after GC invocations=84 (full 3):
 garbage-first heap   total 188416K, used 84638K [0x0000000081a00000, 0x0000000100000000)
  region size 1024K, 6 young (6144K), 6 survivors (6144K)
 Metaspace       used 68835K, capacity 71315K, committed 71412K, reserved 1110016K
  class space    used 9496K, capacity 10488K, committed 10572K, reserved 1048576K
}
Event: 185.303 GC heap before
{Heap before GC invocations=84 (full 3):
 garbage-first heap   total 188416K, used 159390K [0x0000000081a00000, 0x0000000100000000)
  region size 1024K, 79 young (80896K), 6 survivors (6144K)
 Metaspace       used 68861K, capacity 71329K, committed 71412K, reserved 1110016K
  class space    used 9499K, capacity 10493K, committed 10572K, reserved 1048576K
}
Event: 185.319 GC heap after
{Heap after GC invocations=85 (full 3):
 garbage-first heap   total 188416K, used 85090K [0x0000000081a00000, 0x0000000100000000)
  region size 1024K, 4 young (4096K), 4 survivors (4096K)
 Metaspace       used 68861K, capacity 71329K, committed 71412K, reserved 1110016K
  class space    used 9499K, capacity 10493K, committed 10572K, reserved 1048576K
}
Event: 187.809 GC heap before
{Heap before GC invocations=85 (full 3):
 garbage-first heap   total 188416K, used 160866K [0x0000000081a00000, 0x0000000100000000)
  region size 1024K, 78 young (79872K), 4 survivors (4096K)
 Metaspace       used 68872K, capacity 71347K, committed 71668K, reserved 1110016K
  class space    used 9501K, capacity 10496K, committed 10572K, reserved 1048576K
}
Event: 187.820 GC heap after
{Heap after GC invocations=86 (full 3):
 garbage-first heap   total 188416K, used 86078K [0x0000000081a00000, 0x0000000100000000)
  region size 1024K, 5 young (5120K), 5 survivors (5120K)
 Metaspace       used 68872K, capacity 71347K, committed 71668K, reserved 1110016K
  class space    used 9501K, capacity 10496K, committed 10572K, reserved 1048576K
}
Event: 189.668 GC heap before
{Heap before GC invocations=86 (full 3):
 garbage-first heap   total 188416K, used 160830K [0x0000000081a00000, 0x0000000100000000)
  region size 1024K, 78 young (79872K), 5 survivors (5120K)
 Metaspace       used 68899K, capacity 71356K, committed 71668K, reserved 1110016K
  class space    used 9503K, capacity 10498K, committed 10572K, reserved 1048576K
}
Event: 189.684 GC heap after
{Heap after GC invocations=87 (full 3):
 garbage-first heap   total 188416K, used 87459K [0x0000000081a00000, 0x0000000100000000)
  region size 1024K, 6 young (6144K), 6 survivors (6144K)
 Metaspace       used 68899K, capacity 71356K, committed 71668K, reserved 1110016K
  class space    used 9503K, capacity 10498K, committed 10572K, reserved 1048576K
}
Event: 190.960 GC heap before
{Heap before GC invocations=87 (full 3):
 garbage-first heap   total 188416K, used 160163K [0x0000000081a00000, 0x0000000100000000)
  region size 1024K, 77 young (78848K), 6 survivors (6144K)
 Metaspace       used 68951K, capacity 71460K, committed 71668K, reserved 1110016K
  class space    used 9507K, capacity 10533K, committed 10572K, reserved 1048576K
}
Event: 190.974 GC heap after
{Heap after GC invocations=88 (full 3):
 garbage-first heap   total 188416K, used 88703K [0x0000000081a00000, 0x0000000100000000)
  region size 1024K, 7 young (7168K), 7 survivors (7168K)
 Metaspace       used 68951K, capacity 71460K, committed 71668K, reserved 1110016K
  class space    used 9507K, capacity 10533K, committed 10572K, reserved 1048576K
}
Event: 192.361 GC heap before
{Heap before GC invocations=88 (full 3):
 garbage-first heap   total 188416K, used 158335K [0x0000000081a00000, 0x0000000100000000)
  region size 1024K, 75 young (76800K), 7 survivors (7168K)
 Metaspace       used 69081K, capacity 71600K, committed 71668K, reserved 1110016K
  class space    used 9516K, capacity 10536K, committed 10572K, reserved 1048576K
}
Event: 192.379 GC heap after
{Heap after GC invocations=89 (full 3):
 garbage-first heap   total 188416K, used 90741K [0x0000000081a00000, 0x0000000100000000)
  region size 1024K, 7 young (7168K), 7 survivors (7168K)
 Metaspace       used 69081K, capacity 71600K, committed 71668K, reserved 1110016K
  class space    used 9516K, capacity 10536K, committed 10572K, reserved 1048576K
}
Event: 193.658 GC heap before
{Heap before GC invocations=90 (full 3):
 garbage-first heap   total 198656K, used 157301K [0x0000000081a00000, 0x0000000100000000)
  region size 1024K, 72 young (73728K), 7 survivors (7168K)
 Metaspace       used 69081K, capacity 71600K, committed 71668K, reserved 1110016K
  class space    used 9516K, capacity 10536K, committed 10572K, reserved 1048576K
}
Event: 193.676 GC heap after
{Heap after GC invocations=91 (full 3):
 garbage-first heap   total 198656K, used 91677K [0x0000000081a00000, 0x0000000100000000)
  region size 1024K, 6 young (6144K), 6 survivors (6144K)
 Metaspace       used 69081K, capacity 71600K, committed 71668K, reserved 1110016K
  class space    used 9516K, capacity 10536K, committed 10572K, reserved 1048576K
}
Event: 194.912 GC heap before
{Heap before GC invocations=91 (full 3):
 garbage-first heap   total 198656K, used 169501K [0x0000000081a00000, 0x0000000100000000)
  region size 1024K, 82 young (83968K), 6 survivors (6144K)
 Metaspace       used 69162K, capacity 71654K, committed 71924K, reserved 1110016K
  class space    used 9524K, capacity 10548K, committed 10572K, reserved 1048576K
}
Event: 194.931 GC heap after
{Heap after GC invocations=92 (full 3):
 garbage-first heap   total 198656K, used 93269K [0x0000000081a00000, 0x0000000100000000)
  region size 1024K, 8 young (8192K), 8 survivors (8192K)
 Metaspace       used 69162K, capacity 71654K, committed 71924K, reserved 1110016K
  class space    used 9524K, capacity 10548K, committed 10572K, reserved 1048576K
}
Event: 195.819 GC heap before
{Heap before GC invocations=92 (full 3):
 garbage-first heap   total 198656K, used 166997K [0x0000000081a00000, 0x0000000100000000)
  region size 1024K, 80 young (81920K), 8 survivors (8192K)
 Metaspace       used 69162K, capacity 71654K, committed 71924K, reserved 1110016K
  class space    used 9524K, capacity 10548K, committed 10572K, reserved 1048576K
}
Event: 195.837 GC heap after
{Heap after GC invocations=93 (full 3):
 garbage-first heap   total 198656K, used 94262K [0x0000000081a00000, 0x0000000100000000)
  region size 1024K, 7 young (7168K), 7 survivors (7168K)
 Metaspace       used 69162K, capacity 71654K, committed 71924K, reserved 1110016K
  class space    used 9524K, capacity 10548K, committed 10572K, reserved 1048576K
}
Event: 196.911 GC heap before
{Heap before GC invocations=93 (full 3):
 garbage-first heap   total 198656K, used 166966K [0x0000000081a00000, 0x0000000100000000)
  region size 1024K, 78 young (79872K), 7 survivors (7168K)
 Metaspace       used 69180K, capacity 71721K, committed 71924K, reserved 1110016K
  class space    used 9526K, capacity 10549K, committed 10572K, reserved 1048576K
}
Event: 196.929 GC heap after
{Heap after GC invocations=94 (full 3):
 garbage-first heap   total 198656K, used 95276K [0x0000000081a00000, 0x0000000100000000)
  region size 1024K, 6 young (6144K), 6 survivors (6144K)
 Metaspace       used 69180K, capacity 71721K, committed 71924K, reserved 1110016K
  class space    used 9526K, capacity 10549K, committed 10572K, reserved 1048576K
}

