# JRE version: Java(TM) SE Runtime Environment (14.0+36) (build 14+36-1461)
# Java VM: Java HotSpot(TM) 64-Bit Server VM (14+36-1461, mixed mode, sharing, tiered, compressed oops, g1 gc, windows-amd64)
Heap:
 garbage-first heap   total 177152K, used 56955K [0x0000000081a00000, 0x0000000100000000)
  region size 1024K, 2 young (2048K), 2 survivors (2048K)
 Metaspace       used 14914K, capacity 16165K, committed 16256K, reserved 1062912K
  class space    used 1647K, capacity 1880K, committed 1920K, reserved 1048576K
GC Heap History (11 events):
Event: 2.011 GC heap before
{Heap before GC invocations=0 (full 0):
 garbage-first heap   total 131072K, used 13312K [0x0000000081a00000, 0x0000000100000000)
  region size 1024K, 13 young (13312K), 0 survivors (0K)
 Metaspace       used 3587K, capacity 6800K, committed 6912K, reserved 1056768K
  class space    used 421K, capacity 759K, committed 768K, reserved 1048576K
}
Event: 2.128 GC heap after
{Heap after GC invocations=1 (full 0):
 garbage-first heap   total 131072K, used 2962K [0x0000000081a00000, 0x0000000100000000)
  region size 1024K, 2 young (2048K), 2 survivors (2048K)
 Metaspace       used 3587K, capacity 6800K, committed 6912K, reserved 1056768K
  class space    used 421K, capacity 759K, committed 768K, reserved 1048576K
}
Event: 2.822 GC heap before
{Heap before GC invocations=1 (full 0):
 garbage-first heap   total 131072K, used 17298K [0x0000000081a00000, 0x0000000100000000)
  region size 1024K, 16 young (16384K), 2 survivors (2048K)
 Metaspace       used 5085K, capacity 7744K, committed 7936K, reserved 1056768K
  class space    used 646K, capacity 924K, committed 1024K, reserved 1048576K
}
Event: 2.829 GC heap after
{Heap after GC invocations=2 (full 0):
 garbage-first heap   total 131072K, used 3635K [0x0000000081a00000, 0x0000000100000000)
  region size 1024K, 1 young (1024K), 1 survivors (1024K)
 Metaspace       used 5085K, capacity 7744K, committed 7936K, reserved 1056768K
  class space    used 646K, capacity 924K, committed 1024K, reserved 1048576K
}
Event: 9.323 GC heap before
{Heap before GC invocations=2 (full 0):
 garbage-first heap   total 131072K, used 80435K [0x0000000081a00000, 0x0000000100000000)
  region size 1024K, 76 young (77824K), 1 survivors (1024K)
 Metaspace       used 12436K, capacity 14098K, committed 14336K, reserved 1062912K
  class space    used 1477K, capacity 1703K, committed 1792K, reserved 1048576K
}
Event: 9.355 GC heap after
{Heap after GC invocations=3 (full 0):
 garbage-first heap   total 131072K, used 12534K [0x0000000081a00000, 0x0000000100000000)
  region size 1024K, 10 young (10240K), 10 survivors (10240K)
 Metaspace       used 12436K, capacity 14098K, committed 14336K, reserved 1062912K
  class space    used 1477K, capacity 1703K, committed 1792K, reserved 1048576K
}
Event: 14.185 GC heap before
{Heap before GC invocations=3 (full 0):
 garbage-first heap   total 131072K, used 80118K [0x0000000081a00000, 0x0000000100000000)
  region size 1024K, 76 young (77824K), 10 survivors (10240K)
 Metaspace       used 13425K, capacity 14921K, committed 15104K, reserved 1062912K
  class space    used 1522K, capacity 1743K, committed 1792K, reserved 1048576K
}
Event: 14.223 GC heap after
{Heap after GC invocations=4 (full 0):
 garbage-first heap   total 131072K, used 17463K [0x0000000081a00000, 0x0000000100000000)
  region size 1024K, 9 young (9216K), 9 survivors (9216K)
 Metaspace       used 13425K, capacity 14921K, committed 15104K, reserved 1062912K
  class space    used 1522K, capacity 1743K, committed 1792K, reserved 1048576K
}
Event: 17.990 GC heap before
{Heap before GC invocations=4 (full 0):
 garbage-first heap   total 131072K, used 86071K [0x0000000081a00000, 0x0000000100000000)
  region size 1024K, 76 young (77824K), 9 survivors (9216K)
 Metaspace       used 13894K, capacity 15341K, committed 15360K, reserved 1062912K
  class space    used 1535K, capacity 1776K, committed 1792K, reserved 1048576K
}
Event: 18.021 GC heap after
{Heap after GC invocations=5 (full 0):
 garbage-first heap   total 131072K, used 22301K [0x0000000081a00000, 0x0000000100000000)
  region size 1024K, 7 young (7168K), 7 survivors (7168K)
 Metaspace       used 13894K, capacity 15341K, committed 15360K, reserved 1062912K
  class space    used 1535K, capacity 1776K, committed 1792K, reserved 1048576K
}
Event: 18.437 GC heap before
{Heap before GC invocations=5 (full 0):
 garbage-first heap   total 131072K, used 70429K [0x0000000081a00000, 0x0000000100000000)
  region size 1024K, 15 young (15360K), 7 survivors (7168K)
 Metaspace       used 14914K, capacity 16165K, committed 16256K, reserved 1062912K
  class space    used 1647K, capacity 1880K, committed 1920K, reserved 1048576K
}

